<?xml version="1.0" encoding="UTF-8"?>
<!-- Generated by org.testng.reporters.JUnitReportReporter -->
<testsuite hostname="DESKTOP-UENLMAK" name="SimpleAdvert" tests="1" failures="0" timestamp="17 Jan 2017 23:15:43 GMT" time="5.161" errors="0">
  <testcase name="openStartPage" time="5.161" classname="SimpleAdvert"/>
</testsuite> <!-- SimpleAdvert -->
